生成启动时间为 2015/7/3 10:53:48。
     1>项目“F:\百度云\文档\MyProject\VS2013\Test\Test\Test.vcxproj”在节点 2 上(Rebuild 个目标)。
     1>C:\Program Files (x86)\MSBuild\Microsoft.Cpp\v4.0\V120\Microsoft.CppBuild.targets(388,5): warning MSB8028: The intermediate directory (Debug\) contains files shared from another project (Test.vcxproj).  This can lead to incorrect clean and rebuild behavior.
     1>ClCompile:
         C:\Program Files (x86)\Microsoft Visual Studio 12.0\VC\bin\CL.exe /c /ZI /nologo /W3 /WX- /sdl /Od /Oy- /D _MBCS /Gm /EHsc /RTC1 /MDd /GS /fp:precise /Zc:wchar_t /Zc:forScope /Fo"Debug\\" /Fd"Debug\vc120.pdb" /Gd /TC /analyze- /errorReport:prompt "..\dllzhuru\dll示例.c" "其他.c" "可变参数示例.c" "字符串处理.c" "加密解密.c" "栈.c" "字符串数字互转.c" "多线程示例.c" "cgi示例.c"
         cgi示例.c
     1>f:\百度云\文档\myproject\vs2013\test\test\cgi示例.c(34): warning C4013: “strstr”未定义；假设外部返回 int
     1>f:\百度云\文档\myproject\vs2013\test\test\cgi示例.c(34): warning C4047: “初始化”:“char *”与“int”的间接级别不同
         多线程示例.c
     1>f:\百度云\文档\myproject\vs2013\test\test\多线程示例.c(22): error C2065: “SearchStru”: 未声明的标识符
     1>f:\百度云\文档\myproject\vs2013\test\test\多线程示例.c(22): error C2065: “pSearchStru”: 未声明的标识符
     1>f:\百度云\文档\myproject\vs2013\test\test\多线程示例.c(22): error C2059: 语法错误:“)”
     1>f:\百度云\文档\myproject\vs2013\test\test\多线程示例.c(23): error C2065: “pSearchStru”: 未声明的标识符
     1>f:\百度云\文档\myproject\vs2013\test\test\多线程示例.c(23): error C2100: 非法的间接寻址
     1>f:\百度云\文档\myproject\vs2013\test\test\多线程示例.c(23): error C2224: “.startAddr”的左侧必须具有结构/联合类型
     1>f:\百度云\文档\myproject\vs2013\test\test\多线程示例.c(24): error C2065: “pSearchStru”: 未声明的标识符
     1>f:\百度云\文档\myproject\vs2013\test\test\多线程示例.c(24): error C2100: 非法的间接寻址
     1>f:\百度云\文档\myproject\vs2013\test\test\多线程示例.c(24): error C2224: “.no”的左侧必须具有结构/联合类型
     1>f:\百度云\文档\myproject\vs2013\test\test\多线程示例.c(24): error C2224: “.num”的左侧必须具有结构/联合类型
     1>f:\百度云\文档\myproject\vs2013\test\test\多线程示例.c(26): error C2065: “pSearchStru”: 未声明的标识符
     1>f:\百度云\文档\myproject\vs2013\test\test\多线程示例.c(26): error C2100: 非法的间接寻址
     1>f:\百度云\文档\myproject\vs2013\test\test\多线程示例.c(26): error C2224: “.endAddr”的左侧必须具有结构/联合类型
     1>f:\百度云\文档\myproject\vs2013\test\test\多线程示例.c(33): error C2065: “pSearchStru”: 未声明的标识符
     1>f:\百度云\文档\myproject\vs2013\test\test\多线程示例.c(33): error C2100: 非法的间接寻址
     1>f:\百度云\文档\myproject\vs2013\test\test\多线程示例.c(33): error C2224: “.num”的左侧必须具有结构/联合类型
     1>f:\百度云\文档\myproject\vs2013\test\test\多线程示例.c(35): error C2065: “pSearchStru”: 未声明的标识符
     1>f:\百度云\文档\myproject\vs2013\test\test\多线程示例.c(35): error C2100: 非法的间接寻址
     1>f:\百度云\文档\myproject\vs2013\test\test\多线程示例.c(35): error C2224: “.num”的左侧必须具有结构/联合类型
     1>f:\百度云\文档\myproject\vs2013\test\test\多线程示例.c(35): error C2224: “.no”的左侧必须具有结构/联合类型
     1>f:\百度云\文档\myproject\vs2013\test\test\多线程示例.c(36): error C2065: “pSearchStru”: 未声明的标识符
     1>f:\百度云\文档\myproject\vs2013\test\test\多线程示例.c(36): error C2100: 非法的间接寻址
     1>f:\百度云\文档\myproject\vs2013\test\test\多线程示例.c(36): error C2224: “.objAddr”的左侧必须具有结构/联合类型
     1>f:\百度云\文档\myproject\vs2013\test\test\多线程示例.c(41): error C2065: “pSearchStru”: 未声明的标识符
     1>f:\百度云\文档\myproject\vs2013\test\test\多线程示例.c(41): error C2100: 非法的间接寻址
     1>f:\百度云\文档\myproject\vs2013\test\test\多线程示例.c(41): error C2224: “.num”的左侧必须具有结构/联合类型
     1>f:\百度云\文档\myproject\vs2013\test\test\多线程示例.c(41): error C2224: “.no”的左侧必须具有结构/联合类型
     1>f:\百度云\文档\myproject\vs2013\test\test\多线程示例.c(70): error C2065: “SearchStru”: 未声明的标识符
     1>f:\百度云\文档\myproject\vs2013\test\test\多线程示例.c(70): error C2146: 语法错误: 缺少“;”(在标识符“earchStru”的前面)
     1>f:\百度云\文档\myproject\vs2013\test\test\多线程示例.c(70): error C2065: “earchStru”: 未声明的标识符
     1>f:\百度云\文档\myproject\vs2013\test\test\多线程示例.c(70): error C2109: 下标要求数组或指针类型
     1>f:\百度云\文档\myproject\vs2013\test\test\多线程示例.c(70): error C2059: 语法错误:“{”
     1>f:\百度云\文档\myproject\vs2013\test\test\多线程示例.c(73): error C2065: “earchStru”: 未声明的标识符
     1>f:\百度云\文档\myproject\vs2013\test\test\多线程示例.c(73): error C2109: 下标要求数组或指针类型
     1>f:\百度云\文档\myproject\vs2013\test\test\多线程示例.c(74): error C2065: “earchStru”: 未声明的标识符
     1>f:\百度云\文档\myproject\vs2013\test\test\多线程示例.c(74): error C2109: 下标要求数组或指针类型
     1>f:\百度云\文档\myproject\vs2013\test\test\多线程示例.c(75): error C2065: “earchStru”: 未声明的标识符
     1>f:\百度云\文档\myproject\vs2013\test\test\多线程示例.c(75): error C2109: 下标要求数组或指针类型
     1>f:\百度云\文档\myproject\vs2013\test\test\多线程示例.c(76): error C2065: “earchStru”: 未声明的标识符
     1>f:\百度云\文档\myproject\vs2013\test\test\多线程示例.c(76): error C2109: 下标要求数组或指针类型
     1>f:\百度云\文档\myproject\vs2013\test\test\多线程示例.c(77): error C2065: “earchStru”: 未声明的标识符
     1>f:\百度云\文档\myproject\vs2013\test\test\多线程示例.c(77): error C2109: 下标要求数组或指针类型
     1>f:\百度云\文档\myproject\vs2013\test\test\多线程示例.c(79): error C2065: “earchStru”: 未声明的标识符
     1>f:\百度云\文档\myproject\vs2013\test\test\多线程示例.c(79): error C2109: 下标要求数组或指针类型
     1>f:\百度云\文档\myproject\vs2013\test\test\多线程示例.c(79): error C2198: “_beginthread”: 用于调用的参数太少
         字符串数字互转.c
     1>f:\百度云\文档\myproject\vs2013\test\test\字符串数字互转.c(28): warning C4244: “初始化”: 从“double”转换到“int”，可能丢失数据
     1>f:\百度云\文档\myproject\vs2013\test\test\字符串数字互转.c(77): error C2065: “bool”: 未声明的标识符
     1>f:\百度云\文档\myproject\vs2013\test\test\字符串数字互转.c(77): error C2146: 语法错误: 缺少“;”(在标识符“isFushu”的前面)
     1>f:\百度云\文档\myproject\vs2013\test\test\字符串数字互转.c(77): error C2065: “isFushu”: 未声明的标识符
     1>f:\百度云\文档\myproject\vs2013\test\test\字符串数字互转.c(77): error C2065: “false”: 未声明的标识符
     1>f:\百度云\文档\myproject\vs2013\test\test\字符串数字互转.c(81): error C2065: “isFushu”: 未声明的标识符
     1>f:\百度云\文档\myproject\vs2013\test\test\字符串数字互转.c(81): error C2065: “true”: 未声明的标识符
     1>f:\百度云\文档\myproject\vs2013\test\test\字符串数字互转.c(97): error C2065: “isFushu”: 未声明的标识符
         栈.c
     1>f:\百度云\文档\myproject\vs2013\test\test\栈.c(14): warning C4244: “初始化”: 从“time_t”转换到“unsigned int”，可能丢失数据
     1>f:\百度云\文档\myproject\vs2013\test\test\栈.c(17): error C2057: 应输入常量表达式
     1>f:\百度云\文档\myproject\vs2013\test\test\栈.c(17): error C2466: 不能分配常量大小为 0 的数组
     1>f:\百度云\文档\myproject\vs2013\test\test\栈.c(17): error C2133: “date”: 未知的大小
     1>f:\百度云\文档\myproject\vs2013\test\test\栈.c(18): warning C4018: “<”: 有符号/无符号不匹配
     1>f:\百度云\文档\myproject\vs2013\test\test\栈.c(24): warning C4018: “<”: 有符号/无符号不匹配
     1>f:\百度云\文档\myproject\vs2013\test\test\栈.c(36): warning C4018: “<”: 有符号/无符号不匹配
     1>f:\百度云\文档\myproject\vs2013\test\test\栈.c(141): error C2054: 在“myStack”之后应输入“(”
     1>f:\百度云\文档\myproject\vs2013\test\test\栈.c(149): error C2061: 语法错误: 标识符“isEmpty”
     1>f:\百度云\文档\myproject\vs2013\test\test\栈.c(149): error C2059: 语法错误:“;”
     1>f:\百度云\文档\myproject\vs2013\test\test\栈.c(149): error C2059: 语法错误:“)”
         加密解密.c
     1>f:\百度云\文档\myproject\vs2013\test\test\加密解密.c(27): warning C4018: “<”: 有符号/无符号不匹配
     1>f:\百度云\文档\myproject\vs2013\test\test\加密解密.c(29): warning C4018: “<”: 有符号/无符号不匹配
     1>f:\百度云\文档\myproject\vs2013\test\test\加密解密.c(43): warning C4018: “<”: 有符号/无符号不匹配
     1>f:\百度云\文档\myproject\vs2013\test\test\加密解密.c(45): warning C4018: “<”: 有符号/无符号不匹配
     1>f:\百度云\文档\myproject\vs2013\test\test\加密解密.c(54): warning C4018: “<”: 有符号/无符号不匹配
         字符串处理.c
     1>c:\program files (x86)\microsoft visual studio 12.0\vc\include\xtgmath.h(214): warning C4602: #pragma pop_macro:“new”该标识符前面没有 #pragma push_macro
     1>c:\program files (x86)\microsoft visual studio 12.0\vc\include\xtgmath.h(215): warning C4193: #pragma warning(pop) : 没有匹配的“#pragma warning(push)”
     1>c:\program files (x86)\microsoft visual studio 12.0\vc\include\xtgmath.h(216): warning C4161: #pragma pack(pop...) : 出栈的比入栈的多
     1>c:\program files (x86)\microsoft visual studio 12.0\vc\include\cmath(23): error C2061: 语法错误: 标识符“abs”
     1>c:\program files (x86)\microsoft visual studio 12.0\vc\include\cmath(23): error C2059: 语法错误:“;”
     1>c:\program files (x86)\microsoft visual studio 12.0\vc\include\cmath(23): error C2061: 语法错误: 标识符“acos”
     1>c:\program files (x86)\microsoft visual studio 12.0\vc\include\cmath(23): error C2061: 语法错误: 标识符“asin”
     1>c:\program files (x86)\microsoft visual studio 12.0\vc\include\cmath(24): error C2061: 语法错误: 标识符“atan”
     1>c:\program files (x86)\microsoft visual studio 12.0\vc\include\cmath(24): error C2059: 语法错误:“;”
     1>c:\program files (x86)\microsoft visual studio 12.0\vc\include\cmath(24): error C2061: 语法错误: 标识符“atan2”
     1>c:\program files (x86)\microsoft visual studio 12.0\vc\include\cmath(24): error C2061: 语法错误: 标识符“ceil”
     1>c:\program files (x86)\microsoft visual studio 12.0\vc\include\cmath(25): error C2061: 语法错误: 标识符“cos”
     1>c:\program files (x86)\microsoft visual studio 12.0\vc\include\cmath(25): error C2059: 语法错误:“;”
     1>c:\program files (x86)\microsoft visual studio 12.0\vc\include\cmath(25): error C2061: 语法错误: 标识符“cosh”
     1>c:\program files (x86)\microsoft visual studio 12.0\vc\include\cmath(25): error C2061: 语法错误: 标识符“exp”
     1>c:\program files (x86)\microsoft visual studio 12.0\vc\include\cmath(26): error C2061: 语法错误: 标识符“fabs”
     1>c:\program files (x86)\microsoft visual studio 12.0\vc\include\cmath(26): error C2059: 语法错误:“;”
     1>c:\program files (x86)\microsoft visual studio 12.0\vc\include\cmath(26): error C2061: 语法错误: 标识符“floor”
     1>c:\program files (x86)\microsoft visual studio 12.0\vc\include\cmath(26): error C2061: 语法错误: 标识符“fmod”
     1>c:\program files (x86)\microsoft visual studio 12.0\vc\include\cmath(27): error C2061: 语法错误: 标识符“frexp”
     1>c:\program files (x86)\microsoft visual studio 12.0\vc\include\cmath(27): error C2059: 语法错误:“;”
     1>c:\program files (x86)\microsoft visual studio 12.0\vc\include\cmath(27): error C2061: 语法错误: 标识符“ldexp”
     1>c:\program files (x86)\microsoft visual studio 12.0\vc\include\cmath(27): error C2061: 语法错误: 标识符“log”
     1>c:\program files (x86)\microsoft visual studio 12.0\vc\include\cmath(28): error C2061: 语法错误: 标识符“log10”
     1>c:\program files (x86)\microsoft visual studio 12.0\vc\include\cmath(28): error C2059: 语法错误:“;”
     1>c:\program files (x86)\microsoft visual studio 12.0\vc\include\cmath(28): error C2061: 语法错误: 标识符“modf”
     1>c:\program files (x86)\microsoft visual studio 12.0\vc\include\cmath(28): error C2061: 语法错误: 标识符“pow”
     1>c:\program files (x86)\microsoft visual studio 12.0\vc\include\cmath(29): error C2061: 语法错误: 标识符“sin”
     1>c:\program files (x86)\microsoft visual studio 12.0\vc\include\cmath(29): error C2059: 语法错误:“;”
     1>c:\program files (x86)\microsoft visual studio 12.0\vc\include\cmath(29): error C2061: 语法错误: 标识符“sinh”
     1>c:\program files (x86)\microsoft visual studio 12.0\vc\include\cmath(29): error C2061: 语法错误: 标识符“sqrt”
     1>c:\program files (x86)\microsoft visual studio 12.0\vc\include\cmath(30): error C2061: 语法错误: 标识符“tan”
     1>c:\program files (x86)\microsoft visual studio 12.0\vc\include\cmath(30): error C2059: 语法错误:“;”
     1>c:\program files (x86)\microsoft visual studio 12.0\vc\include\cmath(30): error C2061: 语法错误: 标识符“tanh”
     1>c:\program files (x86)\microsoft visual studio 12.0\vc\include\cmath(32): error C2061: 语法错误: 标识符“acosf”
     1>c:\program files (x86)\microsoft visual studio 12.0\vc\include\cmath(32): error C2059: 语法错误:“;”
     1>c:\program files (x86)\microsoft visual studio 12.0\vc\include\cmath(32): error C2061: 语法错误: 标识符“asinf”
     1>c:\program files (x86)\microsoft visual studio 12.0\vc\include\cmath(33): error C2061: 语法错误: 标识符“atanf”
     1>c:\program files (x86)\microsoft visual studio 12.0\vc\include\cmath(33): error C2059: 语法错误:“;”
     1>c:\program files (x86)\microsoft visual studio 12.0\vc\include\cmath(33): error C2061: 语法错误: 标识符“atan2f”
     1>c:\program files (x86)\microsoft visual studio 12.0\vc\include\cmath(33): error C2061: 语法错误: 标识符“ceilf”
     1>c:\program files (x86)\microsoft visual studio 12.0\vc\include\cmath(34): error C2061: 语法错误: 标识符“cosf”
     1>c:\program files (x86)\microsoft visual studio 12.0\vc\include\cmath(34): error C2059: 语法错误:“;”
     1>c:\program files (x86)\microsoft visual studio 12.0\vc\include\cmath(34): error C2061: 语法错误: 标识符“coshf”
     1>c:\program files (x86)\microsoft visual studio 12.0\vc\include\cmath(34): error C2061: 语法错误: 标识符“expf”
     1>c:\program files (x86)\microsoft visual studio 12.0\vc\include\cmath(35): error C2061: 语法错误: 标识符“fabsf”
     1>c:\program files (x86)\microsoft visual studio 12.0\vc\include\cmath(35): error C2059: 语法错误:“;”
     1>c:\program files (x86)\microsoft visual studio 12.0\vc\include\cmath(35): error C2061: 语法错误: 标识符“floorf”
     1>c:\program files (x86)\microsoft visual studio 12.0\vc\include\cmath(35): error C2061: 语法错误: 标识符“fmodf”
     1>c:\program files (x86)\microsoft visual studio 12.0\vc\include\cmath(36): error C2061: 语法错误: 标识符“frexpf”
     1>c:\program files (x86)\microsoft visual studio 12.0\vc\include\cmath(36): error C2059: 语法错误:“;”
     1>c:\program files (x86)\microsoft visual studio 12.0\vc\include\cmath(36): error C2061: 语法错误: 标识符“ldexpf”
     1>c:\program files (x86)\microsoft visual studio 12.0\vc\include\cmath(36): error C2061: 语法错误: 标识符“logf”
     1>c:\program files (x86)\microsoft visual studio 12.0\vc\include\cmath(37): error C2061: 语法错误: 标识符“log10f”
     1>c:\program files (x86)\microsoft visual studio 12.0\vc\include\cmath(37): error C2059: 语法错误:“;”
     1>c:\program files (x86)\microsoft visual studio 12.0\vc\include\cmath(37): error C2061: 语法错误: 标识符“modff”
     1>c:\program files (x86)\microsoft visual studio 12.0\vc\include\cmath(37): error C2061: 语法错误: 标识符“powf”
     1>c:\program files (x86)\microsoft visual studio 12.0\vc\include\cmath(38): error C2061: 语法错误: 标识符“sinf”
     1>c:\program files (x86)\microsoft visual studio 12.0\vc\include\cmath(38): error C2059: 语法错误:“;”
     1>c:\program files (x86)\microsoft visual studio 12.0\vc\include\cmath(38): error C2061: 语法错误: 标识符“sinhf”
     1>c:\program files (x86)\microsoft visual studio 12.0\vc\include\cmath(38): error C2061: 语法错误: 标识符“sqrtf”
     1>c:\program files (x86)\microsoft visual studio 12.0\vc\include\cmath(39): error C2061: 语法错误: 标识符“tanf”
     1>c:\program files (x86)\microsoft visual studio 12.0\vc\include\cmath(39): error C2059: 语法错误:“;”
     1>c:\program files (x86)\microsoft visual studio 12.0\vc\include\cmath(39): error C2061: 语法错误: 标识符“tanhf”
     1>c:\program files (x86)\microsoft visual studio 12.0\vc\include\cmath(41): error C2061: 语法错误: 标识符“acosl”
     1>c:\program files (x86)\microsoft visual studio 12.0\vc\include\cmath(41): error C2059: 语法错误:“;”
     1>c:\program files (x86)\microsoft visual studio 12.0\vc\include\cmath(41): error C2061: 语法错误: 标识符“asinl”
     1>c:\program files (x86)\microsoft visual studio 12.0\vc\include\cmath(42): error C2061: 语法错误: 标识符“atanl”
     1>c:\program files (x86)\microsoft visual studio 12.0\vc\include\cmath(42): error C2059: 语法错误:“;”
     1>c:\program files (x86)\microsoft visual studio 12.0\vc\include\cmath(42): error C2061: 语法错误: 标识符“atan2l”
     1>c:\program files (x86)\microsoft visual studio 12.0\vc\include\cmath(42): error C2061: 语法错误: 标识符“ceill”
     1>c:\program files (x86)\microsoft visual studio 12.0\vc\include\cmath(43): error C2061: 语法错误: 标识符“cosl”
     1>c:\program files (x86)\microsoft visual studio 12.0\vc\include\cmath(43): error C2059: 语法错误:“;”
     1>c:\program files (x86)\microsoft visual studio 12.0\vc\include\cmath(43): error C2061: 语法错误: 标识符“coshl”
     1>c:\program files (x86)\microsoft visual studio 12.0\vc\include\cmath(43): error C2061: 语法错误: 标识符“expl”
     1>c:\program files (x86)\microsoft visual studio 12.0\vc\include\cmath(44): error C2061: 语法错误: 标识符“fabsl”
     1>c:\program files (x86)\microsoft visual studio 12.0\vc\include\cmath(44): error C2059: 语法错误:“;”
     1>c:\program files (x86)\microsoft visual studio 12.0\vc\include\cmath(44): error C2061: 语法错误: 标识符“floorl”
     1>c:\program files (x86)\microsoft visual studio 12.0\vc\include\cmath(44): error C2061: 语法错误: 标识符“fmodl”
     1>c:\program files (x86)\microsoft visual studio 12.0\vc\include\cmath(45): error C2061: 语法错误: 标识符“frexpl”
     1>c:\program files (x86)\microsoft visual studio 12.0\vc\include\cmath(45): error C2059: 语法错误:“;”
     1>c:\program files (x86)\microsoft visual studio 12.0\vc\include\cmath(45): error C2061: 语法错误: 标识符“ldexpl”
     1>c:\program files (x86)\microsoft visual studio 12.0\vc\include\cmath(45): error C2061: 语法错误: 标识符“logl”
     1>c:\program files (x86)\microsoft visual studio 12.0\vc\include\cmath(46): error C2061: 语法错误: 标识符“log10l”
     1>c:\program files (x86)\microsoft visual studio 12.0\vc\include\cmath(46): error C2059: 语法错误:“;”
     1>c:\program files (x86)\microsoft visual studio 12.0\vc\include\cmath(46): error C2061: 语法错误: 标识符“modfl”
     1>c:\program files (x86)\microsoft visual studio 12.0\vc\include\cmath(46): error C2061: 语法错误: 标识符“powl”
     1>c:\program files (x86)\microsoft visual studio 12.0\vc\include\cmath(47): error C2061: 语法错误: 标识符“sinl”
     1>c:\program files (x86)\microsoft visual studio 12.0\vc\include\cmath(47): error C2059: 语法错误:“;”
     1>c:\program files (x86)\microsoft visual studio 12.0\vc\include\cmath(47): error C2061: 语法错误: 标识符“sinhl”
     1>c:\program files (x86)\microsoft visual studio 12.0\vc\include\cmath(47): error C2061: 语法错误: 标识符“sqrtl”
     1>c:\program files (x86)\microsoft visual studio 12.0\vc\include\cmath(48): error C2061: 语法错误: 标识符“tanl”
     1>c:\program files (x86)\microsoft visual studio 12.0\vc\include\cmath(48): error C2059: 语法错误:“;”
     1>c:\program files (x86)\microsoft visual studio 12.0\vc\include\cmath(48): error C2061: 语法错误: 标识符“tanhl”
     1>c:\program files (x86)\microsoft visual studio 12.0\vc\include\cmath(50): error C2054: 在“using”之后应输入“(”
     1>c:\program files (x86)\microsoft visual studio 12.0\vc\include\cmath(50): error C2061: 语法错误: 标识符“using”
     1>c:\program files (x86)\microsoft visual studio 12.0\vc\include\cmath(52): error C2061: 语法错误: 标识符“acosh”
     1>c:\program files (x86)\microsoft visual studio 12.0\vc\include\cmath(52): error C2059: 语法错误:“;”
     1>c:\program files (x86)\microsoft visual studio 12.0\vc\include\cmath(52): error C2061: 语法错误: 标识符“asinh”
     1>c:\program files (x86)\microsoft visual studio 12.0\vc\include\cmath(52): error C2061: 语法错误: 标识符“atanh”
     1>c:\program files (x86)\microsoft visual studio 12.0\vc\include\cmath(53): error C2061: 语法错误: 标识符“cbrt”
     1>c:\program files (x86)\microsoft visual studio 12.0\vc\include\cmath(53): error C2059: 语法错误:“;”
     1>c:\program files (x86)\microsoft visual studio 12.0\vc\include\cmath(53): error C2061: 语法错误: 标识符“erf”
     1>c:\program files (x86)\microsoft visual studio 12.0\vc\include\cmath(53): error C2061: 语法错误: 标识符“erfc”
     1>c:\program files (x86)\microsoft visual studio 12.0\vc\include\cmath(53): fatal error C1003: 错误计数超过 100；正在停止编译
         可变参数示例.c
     1>f:\百度云\文档\myproject\vs2013\test\test\可变参数示例.c(10): warning C4018: “<”: 有符号/无符号不匹配
         其他.c
     1>c:\program files (x86)\microsoft visual studio 12.0\vc\include\xtgmath.h(214): warning C4602: #pragma pop_macro:“new”该标识符前面没有 #pragma push_macro
     1>c:\program files (x86)\microsoft visual studio 12.0\vc\include\xtgmath.h(215): warning C4193: #pragma warning(pop) : 没有匹配的“#pragma warning(push)”
     1>c:\program files (x86)\microsoft visual studio 12.0\vc\include\xtgmath.h(216): warning C4161: #pragma pack(pop...) : 出栈的比入栈的多
     1>c:\program files (x86)\microsoft visual studio 12.0\vc\include\cmath(23): error C2061: 语法错误: 标识符“abs”
     1>c:\program files (x86)\microsoft visual studio 12.0\vc\include\cmath(23): error C2059: 语法错误:“;”
     1>c:\program files (x86)\microsoft visual studio 12.0\vc\include\cmath(23): error C2061: 语法错误: 标识符“acos”
     1>c:\program files (x86)\microsoft visual studio 12.0\vc\include\cmath(23): error C2061: 语法错误: 标识符“asin”
     1>c:\program files (x86)\microsoft visual studio 12.0\vc\include\cmath(24): error C2061: 语法错误: 标识符“atan”
     1>c:\program files (x86)\microsoft visual studio 12.0\vc\include\cmath(24): error C2059: 语法错误:“;”
     1>c:\program files (x86)\microsoft visual studio 12.0\vc\include\cmath(24): error C2061: 语法错误: 标识符“atan2”
     1>c:\program files (x86)\microsoft visual studio 12.0\vc\include\cmath(24): error C2061: 语法错误: 标识符“ceil”
     1>c:\program files (x86)\microsoft visual studio 12.0\vc\include\cmath(25): error C2061: 语法错误: 标识符“cos”
     1>c:\program files (x86)\microsoft visual studio 12.0\vc\include\cmath(25): error C2059: 语法错误:“;”
     1>c:\program files (x86)\microsoft visual studio 12.0\vc\include\cmath(25): error C2061: 语法错误: 标识符“cosh”
     1>c:\program files (x86)\microsoft visual studio 12.0\vc\include\cmath(25): error C2061: 语法错误: 标识符“exp”
     1>c:\program files (x86)\microsoft visual studio 12.0\vc\include\cmath(26): error C2061: 语法错误: 标识符“fabs”
     1>c:\program files (x86)\microsoft visual studio 12.0\vc\include\cmath(26): error C2059: 语法错误:“;”
     1>c:\program files (x86)\microsoft visual studio 12.0\vc\include\cmath(26): error C2061: 语法错误: 标识符“floor”
     1>c:\program files (x86)\microsoft visual studio 12.0\vc\include\cmath(26): error C2061: 语法错误: 标识符“fmod”
     1>c:\program files (x86)\microsoft visual studio 12.0\vc\include\cmath(27): error C2061: 语法错误: 标识符“frexp”
     1>c:\program files (x86)\microsoft visual studio 12.0\vc\include\cmath(27): error C2059: 语法错误:“;”
     1>c:\program files (x86)\microsoft visual studio 12.0\vc\include\cmath(27): error C2061: 语法错误: 标识符“ldexp”
     1>c:\program files (x86)\microsoft visual studio 12.0\vc\include\cmath(27): error C2061: 语法错误: 标识符“log”
     1>c:\program files (x86)\microsoft visual studio 12.0\vc\include\cmath(28): error C2061: 语法错误: 标识符“log10”
     1>c:\program files (x86)\microsoft visual studio 12.0\vc\include\cmath(28): error C2059: 语法错误:“;”
     1>c:\program files (x86)\microsoft visual studio 12.0\vc\include\cmath(28): error C2061: 语法错误: 标识符“modf”
     1>c:\program files (x86)\microsoft visual studio 12.0\vc\include\cmath(28): error C2061: 语法错误: 标识符“pow”
     1>c:\program files (x86)\microsoft visual studio 12.0\vc\include\cmath(29): error C2061: 语法错误: 标识符“sin”
     1>c:\program files (x86)\microsoft visual studio 12.0\vc\include\cmath(29): error C2059: 语法错误:“;”
     1>c:\program files (x86)\microsoft visual studio 12.0\vc\include\cmath(29): error C2061: 语法错误: 标识符“sinh”
     1>c:\program files (x86)\microsoft visual studio 12.0\vc\include\cmath(29): error C2061: 语法错误: 标识符“sqrt”
     1>c:\program files (x86)\microsoft visual studio 12.0\vc\include\cmath(30): error C2061: 语法错误: 标识符“tan”
     1>c:\program files (x86)\microsoft visual studio 12.0\vc\include\cmath(30): error C2059: 语法错误:“;”
     1>c:\program files (x86)\microsoft visual studio 12.0\vc\include\cmath(30): error C2061: 语法错误: 标识符“tanh”
     1>c:\program files (x86)\microsoft visual studio 12.0\vc\include\cmath(32): error C2061: 语法错误: 标识符“acosf”
     1>c:\program files (x86)\microsoft visual studio 12.0\vc\include\cmath(32): error C2059: 语法错误:“;”
     1>c:\program files (x86)\microsoft visual studio 12.0\vc\include\cmath(32): error C2061: 语法错误: 标识符“asinf”
     1>c:\program files (x86)\microsoft visual studio 12.0\vc\include\cmath(33): error C2061: 语法错误: 标识符“atanf”
     1>c:\program files (x86)\microsoft visual studio 12.0\vc\include\cmath(33): error C2059: 语法错误:“;”
     1>c:\program files (x86)\microsoft visual studio 12.0\vc\include\cmath(33): error C2061: 语法错误: 标识符“atan2f”
     1>c:\program files (x86)\microsoft visual studio 12.0\vc\include\cmath(33): error C2061: 语法错误: 标识符“ceilf”
     1>c:\program files (x86)\microsoft visual studio 12.0\vc\include\cmath(34): error C2061: 语法错误: 标识符“cosf”
     1>c:\program files (x86)\microsoft visual studio 12.0\vc\include\cmath(34): error C2059: 语法错误:“;”
     1>c:\program files (x86)\microsoft visual studio 12.0\vc\include\cmath(34): error C2061: 语法错误: 标识符“coshf”
     1>c:\program files (x86)\microsoft visual studio 12.0\vc\include\cmath(34): error C2061: 语法错误: 标识符“expf”
     1>c:\program files (x86)\microsoft visual studio 12.0\vc\include\cmath(35): error C2061: 语法错误: 标识符“fabsf”
     1>c:\program files (x86)\microsoft visual studio 12.0\vc\include\cmath(35): error C2059: 语法错误:“;”
     1>c:\program files (x86)\microsoft visual studio 12.0\vc\include\cmath(35): error C2061: 语法错误: 标识符“floorf”
     1>c:\program files (x86)\microsoft visual studio 12.0\vc\include\cmath(35): error C2061: 语法错误: 标识符“fmodf”
     1>c:\program files (x86)\microsoft visual studio 12.0\vc\include\cmath(36): error C2061: 语法错误: 标识符“frexpf”
     1>c:\program files (x86)\microsoft visual studio 12.0\vc\include\cmath(36): error C2059: 语法错误:“;”
     1>c:\program files (x86)\microsoft visual studio 12.0\vc\include\cmath(36): error C2061: 语法错误: 标识符“ldexpf”
     1>c:\program files (x86)\microsoft visual studio 12.0\vc\include\cmath(36): error C2061: 语法错误: 标识符“logf”
     1>c:\program files (x86)\microsoft visual studio 12.0\vc\include\cmath(37): error C2061: 语法错误: 标识符“log10f”
     1>c:\program files (x86)\microsoft visual studio 12.0\vc\include\cmath(37): error C2059: 语法错误:“;”
     1>c:\program files (x86)\microsoft visual studio 12.0\vc\include\cmath(37): error C2061: 语法错误: 标识符“modff”
     1>c:\program files (x86)\microsoft visual studio 12.0\vc\include\cmath(37): error C2061: 语法错误: 标识符“powf”
     1>c:\program files (x86)\microsoft visual studio 12.0\vc\include\cmath(38): error C2061: 语法错误: 标识符“sinf”
     1>c:\program files (x86)\microsoft visual studio 12.0\vc\include\cmath(38): error C2059: 语法错误:“;”
     1>c:\program files (x86)\microsoft visual studio 12.0\vc\include\cmath(38): error C2061: 语法错误: 标识符“sinhf”
     1>c:\program files (x86)\microsoft visual studio 12.0\vc\include\cmath(38): error C2061: 语法错误: 标识符“sqrtf”
     1>c:\program files (x86)\microsoft visual studio 12.0\vc\include\cmath(39): error C2061: 语法错误: 标识符“tanf”
     1>c:\program files (x86)\microsoft visual studio 12.0\vc\include\cmath(39): error C2059: 语法错误:“;”
     1>c:\program files (x86)\microsoft visual studio 12.0\vc\include\cmath(39): error C2061: 语法错误: 标识符“tanhf”
     1>c:\program files (x86)\microsoft visual studio 12.0\vc\include\cmath(41): error C2061: 语法错误: 标识符“acosl”
     1>c:\program files (x86)\microsoft visual studio 12.0\vc\include\cmath(41): error C2059: 语法错误:“;”
     1>c:\program files (x86)\microsoft visual studio 12.0\vc\include\cmath(41): error C2061: 语法错误: 标识符“asinl”
     1>c:\program files (x86)\microsoft visual studio 12.0\vc\include\cmath(42): error C2061: 语法错误: 标识符“atanl”
     1>c:\program files (x86)\microsoft visual studio 12.0\vc\include\cmath(42): error C2059: 语法错误:“;”
     1>c:\program files (x86)\microsoft visual studio 12.0\vc\include\cmath(42): error C2061: 语法错误: 标识符“atan2l”
     1>c:\program files (x86)\microsoft visual studio 12.0\vc\include\cmath(42): error C2061: 语法错误: 标识符“ceill”
     1>c:\program files (x86)\microsoft visual studio 12.0\vc\include\cmath(43): error C2061: 语法错误: 标识符“cosl”
     1>c:\program files (x86)\microsoft visual studio 12.0\vc\include\cmath(43): error C2059: 语法错误:“;”
     1>c:\program files (x86)\microsoft visual studio 12.0\vc\include\cmath(43): error C2061: 语法错误: 标识符“coshl”
     1>c:\program files (x86)\microsoft visual studio 12.0\vc\include\cmath(43): error C2061: 语法错误: 标识符“expl”
     1>c:\program files (x86)\microsoft visual studio 12.0\vc\include\cmath(44): error C2061: 语法错误: 标识符“fabsl”
     1>c:\program files (x86)\microsoft visual studio 12.0\vc\include\cmath(44): error C2059: 语法错误:“;”
     1>c:\program files (x86)\microsoft visual studio 12.0\vc\include\cmath(44): error C2061: 语法错误: 标识符“floorl”
     1>c:\program files (x86)\microsoft visual studio 12.0\vc\include\cmath(44): error C2061: 语法错误: 标识符“fmodl”
     1>c:\program files (x86)\microsoft visual studio 12.0\vc\include\cmath(45): error C2061: 语法错误: 标识符“frexpl”
     1>c:\program files (x86)\microsoft visual studio 12.0\vc\include\cmath(45): error C2059: 语法错误:“;”
     1>c:\program files (x86)\microsoft visual studio 12.0\vc\include\cmath(45): error C2061: 语法错误: 标识符“ldexpl”
     1>c:\program files (x86)\microsoft visual studio 12.0\vc\include\cmath(45): error C2061: 语法错误: 标识符“logl”
     1>c:\program files (x86)\microsoft visual studio 12.0\vc\include\cmath(46): error C2061: 语法错误: 标识符“log10l”
     1>c:\program files (x86)\microsoft visual studio 12.0\vc\include\cmath(46): error C2059: 语法错误:“;”
     1>c:\program files (x86)\microsoft visual studio 12.0\vc\include\cmath(46): error C2061: 语法错误: 标识符“modfl”
     1>c:\program files (x86)\microsoft visual studio 12.0\vc\include\cmath(46): error C2061: 语法错误: 标识符“powl”
     1>c:\program files (x86)\microsoft visual studio 12.0\vc\include\cmath(47): error C2061: 语法错误: 标识符“sinl”
     1>c:\program files (x86)\microsoft visual studio 12.0\vc\include\cmath(47): error C2059: 语法错误:“;”
     1>c:\program files (x86)\microsoft visual studio 12.0\vc\include\cmath(47): error C2061: 语法错误: 标识符“sinhl”
     1>c:\program files (x86)\microsoft visual studio 12.0\vc\include\cmath(47): error C2061: 语法错误: 标识符“sqrtl”
     1>c:\program files (x86)\microsoft visual studio 12.0\vc\include\cmath(48): error C2061: 语法错误: 标识符“tanl”
     1>c:\program files (x86)\microsoft visual studio 12.0\vc\include\cmath(48): error C2059: 语法错误:“;”
     1>c:\program files (x86)\microsoft visual studio 12.0\vc\include\cmath(48): error C2061: 语法错误: 标识符“tanhl”
     1>c:\program files (x86)\microsoft visual studio 12.0\vc\include\cmath(50): error C2054: 在“using”之后应输入“(”
     1>c:\program files (x86)\microsoft visual studio 12.0\vc\include\cmath(50): error C2061: 语法错误: 标识符“using”
     1>c:\program files (x86)\microsoft visual studio 12.0\vc\include\cmath(52): error C2061: 语法错误: 标识符“acosh”
     1>c:\program files (x86)\microsoft visual studio 12.0\vc\include\cmath(52): error C2059: 语法错误:“;”
     1>c:\program files (x86)\microsoft visual studio 12.0\vc\include\cmath(52): error C2061: 语法错误: 标识符“asinh”
     1>c:\program files (x86)\microsoft visual studio 12.0\vc\include\cmath(52): error C2061: 语法错误: 标识符“atanh”
     1>c:\program files (x86)\microsoft visual studio 12.0\vc\include\cmath(53): error C2061: 语法错误: 标识符“cbrt”
     1>c:\program files (x86)\microsoft visual studio 12.0\vc\include\cmath(53): error C2059: 语法错误:“;”
     1>c:\program files (x86)\microsoft visual studio 12.0\vc\include\cmath(53): error C2061: 语法错误: 标识符“erf”
     1>c:\program files (x86)\microsoft visual studio 12.0\vc\include\cmath(53): error C2061: 语法错误: 标识符“erfc”
     1>c:\program files (x86)\microsoft visual studio 12.0\vc\include\cmath(53): fatal error C1003: 错误计数超过 100；正在停止编译
         dll示例.c
     1>c1 : fatal error C1083: 无法打开源文件: “..\dllzhuru\dll示例.c”: No such file or directory
         正在生成代码...
     1>已完成生成项目“F:\百度云\文档\MyProject\VS2013\Test\Test\Test.vcxproj”(Rebuild 个目标)的操作 - 失败。

生成失败。

已用时间 00:00:03.04
